============================= test session starts =============================
platform win32 -- Python 3.8.0, pytest-6.0.1, py-1.9.0, pluggy-0.13.1
rootdir: C:\Users\akanksha.shrivastava\PycharmProjects\helloWorld
plugins: cov-2.10.1
collected 10 items

tests\montoring_test.py ..........                                       [100%]

----------- coverage: platform win32, python 3.8.0-final-0 -----------
Name                      Stmts   Miss  Cover
---------------------------------------------
tests\__init__.py             0      0   100%
tests\montoring_test.py      65      2    97%
---------------------------------------------
TOTAL                        65      2    97%


============================= 10 passed in 1.53s ==============================
